0 info it worked if it ends with ok
1 verbose cli [ '/usr/local/bin/node',
1 verbose cli   '/usr/local/bin/npm',
1 verbose cli   'install',
1 verbose cli   '-g',
1 verbose cli   'node-inspector' ]
2 info using npm@2.15.9
3 info using node@v4.5.0
4 verbose install initial load of /usr/local/lib/package.json
5 verbose readDependencies loading dependencies from /usr/local/lib/package.json
6 silly cache add args [ 'node-inspector', null ]
7 verbose cache add spec node-inspector
8 silly cache add parsed spec Result {
8 silly cache add   raw: 'node-inspector',
8 silly cache add   scope: null,
8 silly cache add   name: 'node-inspector',
8 silly cache add   rawSpec: '',
8 silly cache add   spec: 'latest',
8 silly cache add   type: 'tag' }
9 silly addNamed node-inspector@latest
10 verbose addNamed "latest" is being treated as a dist-tag for node-inspector
11 info addNameTag [ 'node-inspector', 'latest' ]
12 silly mapToRegistry name node-inspector
13 silly mapToRegistry using default registry
14 silly mapToRegistry registry https://registry.npmjs.org/
15 silly mapToRegistry data Result {
15 silly mapToRegistry   raw: 'node-inspector',
15 silly mapToRegistry   scope: null,
15 silly mapToRegistry   name: 'node-inspector',
15 silly mapToRegistry   rawSpec: '',
15 silly mapToRegistry   spec: 'latest',
15 silly mapToRegistry   type: 'tag' }
16 silly mapToRegistry uri https://registry.npmjs.org/node-inspector
17 verbose addNameTag registry:https://registry.npmjs.org/node-inspector not in flight; fetching
18 verbose request uri https://registry.npmjs.org/node-inspector
19 verbose request no auth needed
20 info attempt registry request try #1 at 8:36:27 PM
21 verbose request id 5fca4ded83aa5624
22 verbose etag W/"583549f8-257a7"
23 verbose lastModified Wed, 23 Nov 2016 07:49:12 GMT
24 http request GET https://registry.npmjs.org/node-inspector
25 http 304 https://registry.npmjs.org/node-inspector
26 verbose headers { date: 'Thu, 24 Nov 2016 01:36:27 GMT',
26 verbose headers   via: '1.1 varnish',
26 verbose headers   'cache-control': 'max-age=300',
26 verbose headers   etag: 'W/"583549f8-257a7"',
26 verbose headers   age: '72',
26 verbose headers   connection: 'keep-alive',
26 verbose headers   'x-served-by': 'cache-bos8224-BOS',
26 verbose headers   'x-cache': 'HIT',
26 verbose headers   'x-cache-hits': '1',
26 verbose headers   'x-timer': 'S1479951387.239683,VS0,VE0',
26 verbose headers   vary: 'Accept-Encoding' }
27 silly get cb [ 304,
27 silly get   { date: 'Thu, 24 Nov 2016 01:36:27 GMT',
27 silly get     via: '1.1 varnish',
27 silly get     'cache-control': 'max-age=300',
27 silly get     etag: 'W/"583549f8-257a7"',
27 silly get     age: '72',
27 silly get     connection: 'keep-alive',
27 silly get     'x-served-by': 'cache-bos8224-BOS',
27 silly get     'x-cache': 'HIT',
27 silly get     'x-cache-hits': '1',
27 silly get     'x-timer': 'S1479951387.239683,VS0,VE0',
27 silly get     vary: 'Accept-Encoding' } ]
28 verbose etag https://registry.npmjs.org/node-inspector from cache
29 verbose get saving node-inspector to /Users/siyupeng/.npm/registry.npmjs.org/node-inspector/.cache.json
30 verbose correctMkdir /Users/siyupeng/.npm correctMkdir not in flight; initializing
31 silly addNameTag next cb for node-inspector with tag latest
32 silly addNamed node-inspector@0.12.8
33 verbose addNamed "0.12.8" is a plain semver version for node-inspector
34 silly cache afterAdd node-inspector@0.12.8
35 verbose afterAdd /Users/siyupeng/.npm/node-inspector/0.12.8/package/package.json not in flight; writing
36 verbose correctMkdir /Users/siyupeng/.npm correctMkdir not in flight; initializing
37 verbose afterAdd /Users/siyupeng/.npm/node-inspector/0.12.8/package/package.json written
38 silly install resolved [ { name: 'node-inspector',
38 silly install resolved     version: '0.12.8',
38 silly install resolved     description: 'Web Inspector based nodeJS debugger',
38 silly install resolved     homepage: 'http://github.com/node-inspector/node-inspector',
38 silly install resolved     author: { name: 'Danny Coates', email: 'dannycoates@gmail.com' },
38 silly install resolved     keywords: [ 'debug', 'debugger', 'inspector', 'profiler' ],
38 silly install resolved     repository:
38 silly install resolved      { type: 'git',
38 silly install resolved        url: 'git+ssh://git@github.com/node-inspector/node-inspector.git' },
38 silly install resolved     engines: { node: '>=0.8.0' },
38 silly install resolved     bin:
38 silly install resolved      { 'node-inspector': './bin/inspector.js',
38 silly install resolved        'node-debug': './bin/node-debug.js' },
38 silly install resolved     dependencies:
38 silly install resolved      { async: '~0.9',
38 silly install resolved        'biased-opener': '~0.2.2',
38 silly install resolved        debug: '^2.2.0',
38 silly install resolved        express: '^4.12.3',
38 silly install resolved        glob: '^5.0.5',
38 silly install resolved        'path-is-absolute': '^1.0.0',
38 silly install resolved        rc: '^1.0.1',
38 silly install resolved        semver: '^4.3.4',
38 silly install resolved        'serve-favicon': '^2.1.1',
38 silly install resolved        'strong-data-uri': '^1.0.0',
38 silly install resolved        'v8-debug': '~0.7.1',
38 silly install resolved        'v8-profiler': '~5.6.0',
38 silly install resolved        which: '^1.1.1',
38 silly install resolved        ws: '^1.0.1',
38 silly install resolved        yargs: '^3.9.0' },
38 silly install resolved     devDependencies:
38 silly install resolved      { promise: '^7.0.3',
38 silly install resolved        mocha: '^1.21',
38 silly install resolved        chai: '^2.1',
38 silly install resolved        jshint: '^2.4.4',
38 silly install resolved        'fs-extra': '~0.8.1' },
38 silly install resolved     preferGlobal: true,
38 silly install resolved     scripts:
38 silly install resolved      { pretest: 'jshint .',
38 silly install resolved        test: 'mocha',
38 silly install resolved        'generate-front-end': 'node --harmony tools/generate-front-end' },
38 silly install resolved     contributors:
38 silly install resolved      [ [Object],
38 silly install resolved        [Object],
38 silly install resolved        [Object],
38 silly install resolved        [Object],
38 silly install resolved        [Object],
38 silly install resolved        [Object],
38 silly install resolved        [Object],
38 silly install resolved        [Object],
38 silly install resolved        [Object],
38 silly install resolved        [Object],
38 silly install resolved        [Object],
38 silly install resolved        [Object],
38 silly install resolved        [Object],
38 silly install resolved        [Object],
38 silly install resolved        [Object],
38 silly install resolved        [Object],
38 silly install resolved        [Object],
38 silly install resolved        [Object],
38 silly install resolved        [Object],
38 silly install resolved        [Object],
38 silly install resolved        [Object],
38 silly install resolved        [Object],
38 silly install resolved        [Object],
38 silly install resolved        [Object],
38 silly install resolved        [Object],
38 silly install resolved        [Object],
38 silly install resolved        [Object],
38 silly install resolved        [Object],
38 silly install resolved        [Object],
38 silly install resolved        [Object],
38 silly install resolved        [Object] ],
38 silly install resolved     gitHead: 'c2dd1eb0129d3d27528a09a8c1d0997f9485ed3c',
38 silly install resolved     bugs: { url: 'https://github.com/node-inspector/node-inspector/issues' },
38 silly install resolved     _id: 'node-inspector@0.12.8',
38 silly install resolved     _shasum: 'a59c3dc47cb08d15a2e526be3a1da7d64e5c227f',
38 silly install resolved     _from: 'node-inspector@latest',
38 silly install resolved     _npmVersion: '2.14.12',
38 silly install resolved     _nodeVersion: '4.3.0',
38 silly install resolved     _npmUser: { name: '3y3', email: '3y3@bk.ru' },
38 silly install resolved     dist:
38 silly install resolved      { shasum: 'a59c3dc47cb08d15a2e526be3a1da7d64e5c227f',
38 silly install resolved        tarball: 'https://registry.npmjs.org/node-inspector/-/node-inspector-0.12.8.tgz' },
38 silly install resolved     maintainers: [ [Object], [Object], [Object], [Object], [Object] ],
38 silly install resolved     _npmOperationalInternal:
38 silly install resolved      { host: 'packages-12-west.internal.npmjs.com',
38 silly install resolved        tmp: 'tmp/node-inspector-0.12.8.tgz_1460144653202_0.7097845498938113' },
38 silly install resolved     directories: {},
38 silly install resolved     _resolved: 'https://registry.npmjs.org/node-inspector/-/node-inspector-0.12.8.tgz',
38 silly install resolved     readme: 'ERROR: No README data found!' } ]
39 info install node-inspector@0.12.8 into /usr/local/lib
40 info installOne node-inspector@0.12.8
41 verbose installOne of node-inspector to /usr/local/lib not in flight; installing
42 verbose correctMkdir /Users/siyupeng/.npm/_locks correctMkdir not in flight; initializing
43 verbose lock using /Users/siyupeng/.npm/_locks/node-inspector-885d0a05b8e6718d.lock for /usr/local/lib/node_modules/node-inspector
44 silly install write writing node-inspector 0.12.8 to /usr/local/lib/node_modules/node-inspector
45 verbose unbuild lib/node_modules/node-inspector
46 silly gentlyRm /usr/local/lib/node_modules/node-inspector is being purged from base /usr/local
47 verbose gentlyRm don't care about contents; nuking /usr/local/lib/node_modules/node-inspector
48 verbose tar unpack /Users/siyupeng/.npm/node-inspector/0.12.8/package.tgz
49 verbose tar unpacking to /usr/local/lib/node_modules/node-inspector
50 silly gentlyRm /usr/local/lib/node_modules/node-inspector is being purged
51 verbose gentlyRm don't care about contents; nuking /usr/local/lib/node_modules/node-inspector
52 silly gunzTarPerm modes [ '755', '644' ]
53 error tar.unpack untar error /Users/siyupeng/.npm/node-inspector/0.12.8/package.tgz
54 verbose unlock done using /Users/siyupeng/.npm/_locks/node-inspector-885d0a05b8e6718d.lock for /usr/local/lib/node_modules/node-inspector
55 verbose fstream_path /usr/local/lib/node_modules/node-inspector
56 verbose fstream_type Directory
57 verbose fstream_class DirWriter
58 verbose stack Error: EACCES: permission denied, mkdir '/usr/local/lib/node_modules/node-inspector'
58 verbose stack     at Error (native)
59 verbose fstream_stack /usr/local/lib/node_modules/npm/node_modules/fstream/lib/dir-writer.js:35:25
59 verbose fstream_stack /usr/local/lib/node_modules/npm/node_modules/mkdirp/index.js:47:53
59 verbose fstream_stack FSReqWrap.oncomplete (fs.js:82:15)
60 verbose cwd /Users/siyupeng/Desktop/CS_326/Workshop6
61 error Darwin 14.4.0
62 error argv "/usr/local/bin/node" "/usr/local/bin/npm" "install" "-g" "node-inspector"
63 error node v4.5.0
64 error npm  v2.15.9
65 error path /usr/local/lib/node_modules/node-inspector
66 error code EACCES
67 error errno -13
68 error syscall mkdir
69 error Error: EACCES: permission denied, mkdir '/usr/local/lib/node_modules/node-inspector'
69 error     at Error (native)
69 error  { [Error: EACCES: permission denied, mkdir '/usr/local/lib/node_modules/node-inspector']
69 error   errno: -13,
69 error   code: 'EACCES',
69 error   syscall: 'mkdir',
69 error   path: '/usr/local/lib/node_modules/node-inspector',
69 error   fstream_type: 'Directory',
69 error   fstream_path: '/usr/local/lib/node_modules/node-inspector',
69 error   fstream_class: 'DirWriter',
69 error   fstream_stack:
69 error    [ '/usr/local/lib/node_modules/npm/node_modules/fstream/lib/dir-writer.js:35:25',
69 error      '/usr/local/lib/node_modules/npm/node_modules/mkdirp/index.js:47:53',
69 error      'FSReqWrap.oncomplete (fs.js:82:15)' ] }
70 error Please try running this command again as root/Administrator.
71 verbose exit [ -13, true ]
72 verbose unbuild lib/node_modules/node-inspector
73 silly gentlyRm /usr/local/lib/node_modules/node-inspector is being purged from base /usr/local
74 verbose gentlyRm don't care about contents; nuking /usr/local/lib/node_modules/node-inspector
